<?xml version="1.0" encoding="UTF-8"?>
<testng-results ignored="0" total="3" passed="3" failed="0" skipped="0">
  <reporter-output>
  </reporter-output>
  <suite started-at="2025-02-12T23:55:33 IST" name="Cucumber Suite" finished-at="2025-02-12T23:57:09 IST" duration-ms="96518">
    <groups>
      <group name="cucumber">
        <method signature="AbstractTestNGCucumberTests.runScenario(io.cucumber.testng.PickleWrapper,io.cucumber.testng.FeatureWrapper)[pri:0, instance:com.ge.testrunner.TestRunner@478190fc]" name="runScenario" class="io.cucumber.testng.AbstractTestNGCucumberTests"/>
      </group> <!-- cucumber -->
    </groups>
    <test started-at="2025-02-12T23:55:33 IST" name="Chrome Tests" finished-at="2025-02-12T23:57:09 IST" duration-ms="96518">
      <class name="com.ge.testrunner.TestRunner">
        <test-method is-config="true" signature="setUpClass(org.testng.ITestContext)[pri:0, instance:com.ge.testrunner.TestRunner@478190fc]" started-at="2025-02-12T23:55:33 IST" name="setUpClass" finished-at="2025-02-12T23:55:33 IST" duration-ms="376" status="PASS">
          <params>
            <param index="0">
              <value>
                <![CDATA[org.testng.TestRunner@6ad82709]]>
              </value>
            </param>
          </params>
          <reporter-output>
          </reporter-output>
        </test-method> <!-- setUpClass -->
        <test-method signature="runScenario(io.cucumber.testng.PickleWrapper,io.cucumber.testng.FeatureWrapper)[pri:0, instance:com.ge.testrunner.TestRunner@478190fc]" started-at="2025-02-12T23:55:33 IST" name="runScenario" description="Runs Cucumber Scenarios" data-provider="scenarios" finished-at="2025-02-12T23:56:05 IST" duration-ms="32174" status="PASS">
          <params>
            <param index="0">
              <value>
                <![CDATA["Validate Successful Submission - Unique Data"]]>
              </value>
            </param>
            <param index="1">
              <value>
                <![CDATA["WebDriver University - chrome"]]>
              </value>
            </param>
          </params>
          <reporter-output>
          </reporter-output>
        </test-method> <!-- runScenario -->
        <test-method signature="runScenario(io.cucumber.testng.PickleWrapper,io.cucumber.testng.FeatureWrapper)[pri:0, instance:com.ge.testrunner.TestRunner@478190fc]" started-at="2025-02-12T23:56:05 IST" name="runScenario" description="Runs Cucumber Scenarios" data-provider="scenarios" finished-at="2025-02-12T23:56:37 IST" duration-ms="31618" status="PASS">
          <params>
            <param index="0">
              <value>
                <![CDATA["Validate Successful Submission - Unique Data"]]>
              </value>
            </param>
            <param index="1">
              <value>
                <![CDATA["WebDriver University - chrome"]]>
              </value>
            </param>
          </params>
          <reporter-output>
          </reporter-output>
        </test-method> <!-- runScenario -->
        <test-method signature="runScenario(io.cucumber.testng.PickleWrapper,io.cucumber.testng.FeatureWrapper)[pri:0, instance:com.ge.testrunner.TestRunner@478190fc]" started-at="2025-02-12T23:56:37 IST" name="runScenario" description="Runs Cucumber Scenarios" data-provider="scenarios" finished-at="2025-02-12T23:57:09 IST" duration-ms="32218" status="PASS">
          <params>
            <param index="0">
              <value>
                <![CDATA["Validate Successful Submission - Unique Data"]]>
              </value>
            </param>
            <param index="1">
              <value>
                <![CDATA["WebDriver University - firefox"]]>
              </value>
            </param>
          </params>
          <reporter-output>
          </reporter-output>
        </test-method> <!-- runScenario -->
        <test-method is-config="true" signature="tearDownClass()[pri:0, instance:com.ge.testrunner.TestRunner@478190fc]" started-at="2025-02-12T23:57:09 IST" name="tearDownClass" finished-at="2025-02-12T23:57:09 IST" duration-ms="97" status="PASS">
          <reporter-output>
          </reporter-output>
        </test-method> <!-- tearDownClass -->
      </class> <!-- com.ge.testrunner.TestRunner -->
    </test> <!-- Chrome Tests -->
  </suite> <!-- Cucumber Suite -->
</testng-results>
