<?xml version="1.0" encoding="UTF-8"?>
<testsuite xmlns:xsi="http://www.w3.org/2001/XMLSchema-instance" xsi:noNamespaceSchemaLocation="https://maven.apache.org/surefire/maven-surefire-plugin/xsd/surefire-test-report-3.0.xsd" version="3.0" name="TestSuite" time="96.903" tests="3" errors="0" skipped="0" failures="0">
  <properties>
[...]
</properties>
  <testcase name="runScenario[&quot;Validate Successful Submission - Unique Data&quot;, &quot;WebDriver University - chrome&quot;](1)" classname="com.ge.testrunner.TestRunner" time="32.184">
    <system-out><![CDATA[
@chrome
Scenario: Validate Successful Submission - Unique Data                       &amp#27;[90m# src/test/java/com/ge/features/Login.feature:7&amp#27;[0m
  &amp#27;[32mGiven &amp#27;[0m&amp#27;[32mI access the webdriver university contact us page&amp#27;[0m                    &amp#27;[90m# com.ge.stepdefinition.Loginstepdefinition.i_access_the_webdriver_university_contact_us_page()&amp#27;[0m

    Embedding 1739384736817 [image/png 30903 bytes]

  &amp#27;[32mWhen &amp#27;[0m&amp#27;[32mI enter a unique first name&amp#27;[0m                                           &amp#27;[90m# com.ge.stepdefinition.Loginstepdefinition.i_enter_a_unique_first_name()&amp#27;[0m

    Embedding 1739384747270 [image/png 31142 bytes]

  &amp#27;[32mAnd &amp#27;[0m&amp#27;[32mI enter a unique last name&amp#27;[0m                                             &amp#27;[90m# com.ge.stepdefinition.Loginstepdefinition.i_enter_a_unique_last_name()&amp#27;[0m

    Embedding 1739384747436 [image/png 31276 bytes]

  &amp#27;[32mAnd &amp#27;[0m&amp#27;[32mI enter a unique email address&amp#27;[0m                                         &amp#27;[90m# com.ge.stepdefinition.Loginstepdefinition.i_enter_a_unique_email_address()&amp#27;[0m

    Embedding 1739384757818 [image/png 32994 bytes]

  &amp#27;[32mAnd &amp#27;[0m&amp#27;[32mI enter a unique comment&amp#27;[0m                                               &amp#27;[90m# com.ge.stepdefinition.Loginstepdefinition.i_enter_a_unique_comment()&amp#27;[0m

    Embedding 1739384757995 [image/png 32982 bytes]

  &amp#27;[32mAnd &amp#27;[0m&amp#27;[32mI click on the submit button&amp#27;[0m                                           &amp#27;[90m# com.ge.stepdefinition.Loginstepdefinition.i_click_on_the_submit_button()&amp#27;[0m

    Embedding 1739384760324 [image/png 25333 bytes]

  &amp#27;[32mThen &amp#27;[0m&amp#27;[32mI should be presented with a successful contact us submission message&amp#27;[0m &amp#27;[90m# com.ge.stepdefinition.Loginstepdefinition.i_should_be_presented_with_a_successful_contact_us_submission_message()&amp#27;[0m

    Embedding 1739384765522 [image/png 28814 bytes]

]]></system-out>
    <system-err><![CDATA[[main] WARN org.testng.xml.TestNGContentHandler - It is strongly recommended to add "<!DOCTYPE suite SYSTEM "https://testng.org/testng-1.1.dtd" >" at the top of the suite file [C:\Users\mail2\eclipse-workspace\Dockerone\Testng.xml] otherwise TestNG may fail or not work as expected.
Feb 12, 2025 11:55:33 PM io.cucumber.core.options.CucumberPropertiesParser lambda$warnWhenCucumberOptionsIsUsed$2
WARNING: Passing commandline options via the property 'cucumber.options' is no longer supported. Please use individual properties instead. See the java doc on io.cucumber.core.options.Constants for details.
Feb 12, 2025 11:55:34 PM org.openqa.selenium.devtools.CdpVersionFinder findNearestMatch
WARNING: Unable to find an exact match for CDP version 133, returning the closest version; found: 132; Please update to a Selenium version that supports CDP version 133
]]></system-err>
  </testcase>
  <testcase name="runScenario[&quot;Validate Successful Submission - Unique Data&quot;, &quot;WebDriver University - chrome&quot;](2)" classname="com.ge.testrunner.TestRunner" time="31.617">
    <system-out><![CDATA[
@chrome @ignore
Scenario: Validate Successful Submission - Unique Data                       &amp#27;[90m# src/test/java/com/ge/features/Login.feature:18&amp#27;[0m
  &amp#27;[32mGiven &amp#27;[0m&amp#27;[32mI access the webdriver university contact us page&amp#27;[0m                    &amp#27;[90m# com.ge.stepdefinition.Loginstepdefinition.i_access_the_webdriver_university_contact_us_page()&amp#27;[0m

    Embedding 1739384769109 [image/png 30903 bytes]

  &amp#27;[32mWhen &amp#27;[0m&amp#27;[32mI enter a unique first name&amp#27;[0m                                           &amp#27;[90m# com.ge.stepdefinition.Loginstepdefinition.i_enter_a_unique_first_name()&amp#27;[0m

    Embedding 1739384779526 [image/png 31142 bytes]

  &amp#27;[32mAnd &amp#27;[0m&amp#27;[32mI enter a unique last name&amp#27;[0m                                             &amp#27;[90m# com.ge.stepdefinition.Loginstepdefinition.i_enter_a_unique_last_name()&amp#27;[0m

    Embedding 1739384779752 [image/png 31276 bytes]

  &amp#27;[32mAnd &amp#27;[0m&amp#27;[32mI enter a unique email address&amp#27;[0m                                         &amp#27;[90m# com.ge.stepdefinition.Loginstepdefinition.i_enter_a_unique_email_address()&amp#27;[0m

    Embedding 1739384790224 [image/png 32994 bytes]

  &amp#27;[32mAnd &amp#27;[0m&amp#27;[32mI enter a unique comment&amp#27;[0m                                               &amp#27;[90m# com.ge.stepdefinition.Loginstepdefinition.i_enter_a_unique_comment()&amp#27;[0m

    Embedding 1739384790465 [image/png 32982 bytes]

  &amp#27;[32mAnd &amp#27;[0m&amp#27;[32mI click on the submit button&amp#27;[0m                                           &amp#27;[90m# com.ge.stepdefinition.Loginstepdefinition.i_click_on_the_submit_button()&amp#27;[0m

    Embedding 1739384791122 [image/png 25333 bytes]

  &amp#27;[32mThen &amp#27;[0m&amp#27;[32mI should be presented with a successful contact us submission message&amp#27;[0m &amp#27;[90m# com.ge.stepdefinition.Loginstepdefinition.i_should_be_presented_with_a_successful_contact_us_submission_message()&amp#27;[0m

    Embedding 1739384797182 [image/png 28726 bytes]

]]></system-out>
    <system-err><![CDATA[Feb 12, 2025 11:56:06 PM org.openqa.selenium.devtools.CdpVersionFinder findNearestMatch
WARNING: Unable to find an exact match for CDP version 133, returning the closest version; found: 132; Please update to a Selenium version that supports CDP version 133
]]></system-err>
  </testcase>
  <testcase name="runScenario[&quot;Validate Successful Submission - Unique Data&quot;, &quot;WebDriver University - firefox&quot;](3)" classname="com.ge.testrunner.TestRunner" time="32.221">
    <system-out><![CDATA[
@firefox
Scenario: Validate Successful Submission - Unique Data                       &amp#27;[90m# src/test/java/com/ge/features/Login2.feature:5&amp#27;[0m
  &amp#27;[32mGiven &amp#27;[0m&amp#27;[32mI access the webdriver university contact us page&amp#27;[0m                    &amp#27;[90m# com.ge.stepdefinition.Loginstepdefinition.i_access_the_webdriver_university_contact_us_page()&amp#27;[0m

    Embedding 1739384801310 [image/png 30903 bytes]

  &amp#27;[32mWhen &amp#27;[0m&amp#27;[32mI enter a unique first name&amp#27;[0m                                           &amp#27;[90m# com.ge.stepdefinition.Loginstepdefinition.i_enter_a_unique_first_name()&amp#27;[0m

    Embedding 1739384811658 [image/png 31142 bytes]

  &amp#27;[32mAnd &amp#27;[0m&amp#27;[32mI enter a unique last name&amp#27;[0m                                             &amp#27;[90m# com.ge.stepdefinition.Loginstepdefinition.i_enter_a_unique_last_name()&amp#27;[0m

    Embedding 1739384811824 [image/png 31276 bytes]

  &amp#27;[32mAnd &amp#27;[0m&amp#27;[32mI enter a unique email address&amp#27;[0m                                         &amp#27;[90m# com.ge.stepdefinition.Loginstepdefinition.i_enter_a_unique_email_address()&amp#27;[0m

    Embedding 1739384822197 [image/png 33200 bytes]

  &amp#27;[32mAnd &amp#27;[0m&amp#27;[32mI enter a unique comment&amp#27;[0m                                               &amp#27;[90m# com.ge.stepdefinition.Loginstepdefinition.i_enter_a_unique_comment()&amp#27;[0m

    Embedding 1739384822667 [image/png 27341 bytes]

  &amp#27;[32mAnd &amp#27;[0m&amp#27;[32mI click on the submit button&amp#27;[0m                                           &amp#27;[90m# com.ge.stepdefinition.Loginstepdefinition.i_click_on_the_submit_button()&amp#27;[0m

    Embedding 1739384822878 [image/png 29242 bytes]

  &amp#27;[32mThen &amp#27;[0m&amp#27;[32mI should be presented with a successful contact us submission message&amp#27;[0m &amp#27;[90m# com.ge.stepdefinition.Loginstepdefinition.i_should_be_presented_with_a_successful_contact_us_submission_message()&amp#27;[0m

    Embedding 1739384829334 [image/png 28498 bytes]

]]></system-out>
    <system-err><![CDATA[Feb 12, 2025 11:56:38 PM org.openqa.selenium.devtools.CdpVersionFinder findNearestMatch
WARNING: Unable to find an exact match for CDP version 133, returning the closest version; found: 132; Please update to a Selenium version that supports CDP version 133
]]></system-err>
  </testcase>
</testsuite>